<?xml version="1.0" encoding="UTF-8"?>
<!-- Generated by org.testng.reporters.JUnitXMLReporter -->
<testsuite ignored="2" hostname="DESKTOP-FITTAHH" failures="0" tests="2" name="Default test" time="19.203" errors="0" timestamp="2025-04-03T14:45:21 IST">
  <testcase classname="com.proj.qa.testcases.ContactsPageTest" name="createNewContactTest" time="1.876"/>
  <testcase classname="com.proj.qa.testcases.ContactsPageTest" name="createNewContactTest" time="1.721"/>
  <testcase classname="com.proj.qa.testcases.ContactsPageTest" name="verifyContactPageCheckBoxesTest" time="0.0">
    <ignored/>
  </testcase> <!-- verifyContactPageCheckBoxesTest -->
  <testcase classname="com.proj.qa.testcases.ContactsPageTest" name="verifyContactPageLabelTest" time="0.0">
    <ignored/>
  </testcase> <!-- verifyContactPageLabelTest -->
</testsuite> <!-- Default test -->
