<?xml version="1.0" encoding="UTF-8"?>
<!-- Generated by org.testng.reporters.JUnitXMLReporter -->
<testsuite ignored="0" hostname="DESKTOP-FITTAHH" failures="0" tests="2" name="Free CRM Test Cases" time="9.735" errors="0" timestamp="2025-04-03T15:50:28 IST">
  <testcase classname="com.proj.qa.testcases.LoginPageTest" name="loginPageTitleTest" time="0.015"/>
  <testcase classname="com.proj.qa.testcases.LoginPageTest" name="loginFunctionalityTest" time="0.267"/>
</testsuite> <!-- Free CRM Test Cases -->
