<?xml version="1.0" encoding="UTF-8"?>
<testng-results ignored="0" total="2" passed="2" failed="0" skipped="0">
  <reporter-output>
  </reporter-output>
  <suite started-at="2025-04-03T15:50:18 IST" name="Free CRM Test Automation Test Suite" finished-at="2025-04-03T15:50:28 IST" duration-ms="9735">
    <groups>
    </groups>
    <test started-at="2025-04-03T15:50:18 IST" name="Free CRM Test Cases" finished-at="2025-04-03T15:50:28 IST" duration-ms="9735">
      <class name="com.proj.qa.testcases.LoginPageTest">
        <test-method is-config="true" signature="setup()[pri:0, instance:com.proj.qa.testcases.LoginPageTest@4a94ee4]" started-at="2025-04-03T15:50:18 IST" name="setup" finished-at="2025-04-03T15:50:23 IST" duration-ms="4802" status="PASS">
          <reporter-output>
          </reporter-output>
        </test-method> <!-- setup -->
        <test-method signature="loginPageTitleTest()[pri:1, instance:com.proj.qa.testcases.LoginPageTest@4a94ee4]" started-at="2025-04-03T15:50:23 IST" name="loginPageTitleTest" finished-at="2025-04-03T15:50:23 IST" duration-ms="15" status="PASS">
          <reporter-output>
          </reporter-output>
        </test-method> <!-- loginPageTitleTest -->
        <test-method is-config="true" signature="tearDown()[pri:0, instance:com.proj.qa.testcases.LoginPageTest@4a94ee4]" started-at="2025-04-03T15:50:23 IST" name="tearDown" finished-at="2025-04-03T15:50:23 IST" duration-ms="154" status="PASS">
          <reporter-output>
          </reporter-output>
        </test-method> <!-- tearDown -->
        <test-method is-config="true" signature="setup()[pri:0, instance:com.proj.qa.testcases.LoginPageTest@4a94ee4]" started-at="2025-04-03T15:50:23 IST" name="setup" finished-at="2025-04-03T15:50:27 IST" duration-ms="4293" status="PASS">
          <reporter-output>
          </reporter-output>
        </test-method> <!-- setup -->
        <test-method signature="loginFunctionalityTest()[pri:2, instance:com.proj.qa.testcases.LoginPageTest@4a94ee4]" started-at="2025-04-03T15:50:27 IST" name="loginFunctionalityTest" finished-at="2025-04-03T15:50:28 IST" duration-ms="267" status="PASS">
          <reporter-output>
          </reporter-output>
        </test-method> <!-- loginFunctionalityTest -->
        <test-method is-config="true" signature="tearDown()[pri:0, instance:com.proj.qa.testcases.LoginPageTest@4a94ee4]" started-at="2025-04-03T15:50:28 IST" name="tearDown" finished-at="2025-04-03T15:50:28 IST" duration-ms="154" status="PASS">
          <reporter-output>
          </reporter-output>
        </test-method> <!-- tearDown -->
      </class> <!-- com.proj.qa.testcases.LoginPageTest -->
    </test> <!-- Free CRM Test Cases -->
  </suite> <!-- Free CRM Test Automation Test Suite -->
</testng-results>
